This file contains any messages produced by compilers while
running configure, to aid debugging if configure makes a mistake.

It was created by configure, which was
generated by GNU Autoconf 2.59.  Invocation command line was

  $ ./configure 

## --------- ##
## Platform. ##
## --------- ##

hostname = missscatterbrain.lshift.net
uname -m = x86_64
uname -r = 11.0.0
uname -s = Darwin
uname -v = Darwin Kernel Version 11.0.0: Sat Jun 18 12:56:35 PDT 2011; root:xnu-1699.22.73~1/RELEASE_X86_64

/usr/bin/uname -p = i386
/bin/uname -X     = unknown

/bin/arch              = unknown
/usr/bin/arch -k       = unknown
/usr/convex/getsysinfo = unknown
hostinfo               = Mach kernel version:
	 Darwin Kernel Version 11.0.0: Sat Jun 18 12:56:35 PDT 2011; root:xnu-1699.22.73~1/RELEASE_X86_64
Kernel configured for up to 4 processors.
2 processors are physically available.
4 processors are logically available.
Processor type: i486 (Intel 80486)
Processors active: 0 1 2 3
Primary memory available: 4.00 gigabytes
Default processor set: 168 tasks, 861 threads, 4 processors
Load average: 1.76, Mach factor: 2.23
/bin/machine           = unknown
/usr/bin/oslevel       = unknown
/bin/universe          = unknown

PATH: /usr/lib/postgresql91/bin
PATH: /Users/lwy08/Documents/msf3
PATH: /Users/lwy08/Documents/scala/bin
PATH: /opt/local/bin
PATH: /Users/lwy08/.rvm/bin
PATH: /Users/lwy08/mingw-w32-bin_i686-darwin/bin
PATH: /Library/Ruby/Gems/1.8/gems/hotcocoa-0.5.1/bin
PATH: /Library/Ruby/Gems/1.8/gems/rhodes-3.0.2/bin
PATH: /usr/local/bin
PATH: /Users/lwy08/neo4j/bin
PATH: /Users/lwy08/gsutil
PATH: /usr/share/ant/bin
PATH: /Users/lwy08/Documents/AndroidSDK/tools
PATH: /Users/lwy08/Documents/AndroidSDK/platform-tools
PATH: /Users/lwy08/Documents/GoogleGo/bin
PATH: /Users/lwy08/bin
PATH: /usr/local/Trolltech/Qt-4.8.0/bin
PATH: /System/Library/Frameworks/Python.framework/Versions/2.7/bin
PATH: /opt/local/bin
PATH: /opt/local/sbin
PATH: /opt/local/x86_64-apple-darwin11.0.0/bin/
PATH: /Users/lwy08/akka/bin
PATH: /usr/lib/postgresql91/bin
PATH: /Users/lwy08/Documents/msf3
PATH: /Users/lwy08/Documents/scala/bin
PATH: /opt/local/bin
PATH: /Users/lwy08/.rvm/bin
PATH: /Users/lwy08/mingw-w32-bin_i686-darwin/bin
PATH: /Library/Ruby/Gems/1.8/gems/hotcocoa-0.5.1/bin
PATH: /Library/Ruby/Gems/1.8/gems/rhodes-3.0.2/bin
PATH: /usr/local/bin
PATH: /Users/lwy08/neo4j/bin
PATH: /Users/lwy08/gsutil
PATH: /usr/share/ant/bin
PATH: /Users/lwy08/Documents/AndroidSDK/tools
PATH: /Users/lwy08/Documents/AndroidSDK/platform-tools
PATH: /Users/lwy08/Documents/GoogleGo/bin
PATH: /Users/lwy08/bin
PATH: /usr/local/Trolltech/Qt-4.8.0/bin
PATH: /System/Library/Frameworks/Python.framework/Versions/2.7/bin
PATH: /opt/local/bin
PATH: /opt/local/sbin
PATH: /opt/local/x86_64-apple-darwin11.0.0/bin/
PATH: /Users/lwy08/akka/bin
PATH: /usr/lib/postgresql91/bin
PATH: /Users/lwy08/Documents/msf3
PATH: /Users/lwy08/Documents/scala/bin
PATH: /opt/local/bin
PATH: /Users/lwy08/.rvm/bin
PATH: /Users/lwy08/mingw-w32-bin_i686-darwin/bin
PATH: /Library/Ruby/Gems/1.8/gems/hotcocoa-0.5.1/bin
PATH: /Library/Ruby/Gems/1.8/gems/rhodes-3.0.2/bin
PATH: /usr/local/bin
PATH: /Users/lwy08/neo4j/bin
PATH: /Users/lwy08/gsutil
PATH: /usr/share/ant/bin
PATH: /Users/lwy08/Documents/AndroidSDK/tools
PATH: /Users/lwy08/Documents/AndroidSDK/platform-tools
PATH: /Users/lwy08/Documents/GoogleGo/bin
PATH: /Users/lwy08/bin
PATH: /usr/local/Trolltech/Qt-4.8.0/bin
PATH: /System/Library/Frameworks/Python.framework/Versions/2.7/bin
PATH: /opt/local/bin
PATH: /opt/local/sbin
PATH: /opt/local/x86_64-apple-darwin11.0.0/bin/
PATH: /Users/lwy08/akka/bin
PATH: /usr/lib/postgresql91/bin
PATH: /Users/lwy08/Documents/msf3
PATH: /Users/lwy08/Documents/scala/bin
PATH: /opt/local/bin
PATH: /Users/lwy08/.rvm/bin
PATH: /Users/lwy08/mingw-w32-bin_i686-darwin/bin
PATH: /Library/Ruby/Gems/1.8/gems/hotcocoa-0.5.1/bin
PATH: /Library/Ruby/Gems/1.8/gems/rhodes-3.0.2/bin
PATH: /usr/local/bin
PATH: /Users/lwy08/neo4j/bin
PATH: /Users/lwy08/gsutil
PATH: /usr/share/ant/bin
PATH: /Users/lwy08/Documents/AndroidSDK/tools
PATH: /Users/lwy08/Documents/AndroidSDK/platform-tools
PATH: /Users/lwy08/Documents/GoogleGo/bin
PATH: /Users/lwy08/bin
PATH: /usr/local/Trolltech/Qt-4.8.0/bin
PATH: /System/Library/Frameworks/Python.framework/Versions/2.7/bin
PATH: /opt/local/bin
PATH: /opt/local/sbin
PATH: /opt/local/x86_64-apple-darwin11.0.0/bin/
PATH: /Users/lwy08/akka/bin
PATH: /usr/lib/postgresql91/bin
PATH: /Users/lwy08/Documents/msf3
PATH: /Users/lwy08/Documents/scala/bin
PATH: /opt/local/bin
PATH: /Users/lwy08/.rvm/bin
PATH: /Users/lwy08/mingw-w32-bin_i686-darwin/bin
PATH: /Library/Ruby/Gems/1.8/gems/hotcocoa-0.5.1/bin
PATH: /Library/Ruby/Gems/1.8/gems/rhodes-3.0.2/bin
PATH: /usr/local/bin
PATH: /Users/lwy08/neo4j/bin
PATH: /Users/lwy08/gsutil
PATH: /usr/share/ant/bin
PATH: /Users/lwy08/Documents/AndroidSDK/tools
PATH: /Users/lwy08/Documents/AndroidSDK/platform-tools
PATH: /Users/lwy08/Documents/GoogleGo/bin
PATH: /Users/lwy08/bin
PATH: /usr/local/Trolltech/Qt-4.8.0/bin
PATH: /System/Library/Frameworks/Python.framework/Versions/2.7/bin
PATH: /opt/local/bin
PATH: /opt/local/sbin
PATH: /opt/local/x86_64-apple-darwin11.0.0/bin/
PATH: /Users/lwy08/akka/bin
PATH: /usr/lib/postgresql91/bin
PATH: /Users/lwy08/Documents/msf3
PATH: /Users/lwy08/Documents/scala/bin
PATH: /opt/local/bin
PATH: /Users/lwy08/.rvm/bin
PATH: /Users/lwy08/mingw-w32-bin_i686-darwin/bin
PATH: /Library/Ruby/Gems/1.8/gems/hotcocoa-0.5.1/bin
PATH: /Library/Ruby/Gems/1.8/gems/rhodes-3.0.2/bin
PATH: /usr/local/bin
PATH: /Users/lwy08/neo4j/bin
PATH: /Users/lwy08/gsutil
PATH: /usr/share/ant/bin
PATH: /Users/lwy08/Documents/AndroidSDK/tools
PATH: /Users/lwy08/Documents/AndroidSDK/platform-tools
PATH: /Users/lwy08/Documents/GoogleGo/bin
PATH: /Users/lwy08/bin
PATH: /usr/local/Trolltech/Qt-4.8.0/bin
PATH: /System/Library/Frameworks/Python.framework/Versions/2.7/bin
PATH: /opt/local/bin
PATH: /opt/local/sbin
PATH: /opt/local/x86_64-apple-darwin11.0.0/bin/
PATH: /Users/lwy08/akka/bin
PATH: /usr/lib/postgresql91/bin
PATH: /Users/lwy08/Documents/msf3
PATH: /Users/lwy08/Documents/scala/bin
PATH: /opt/local/bin
PATH: /Users/lwy08/.rvm/bin
PATH: /Users/lwy08/mingw-w32-bin_i686-darwin/bin
PATH: /Library/Ruby/Gems/1.8/gems/hotcocoa-0.5.1/bin
PATH: /Library/Ruby/Gems/1.8/gems/rhodes-3.0.2/bin
PATH: /usr/local/bin
PATH: /Users/lwy08/neo4j/bin
PATH: /Users/lwy08/gsutil
PATH: /usr/share/ant/bin
PATH: /Users/lwy08/Documents/AndroidSDK/tools
PATH: /Users/lwy08/Documents/AndroidSDK/platform-tools
PATH: /Users/lwy08/Documents/GoogleGo/bin
PATH: /Users/lwy08/bin
PATH: /usr/local/Trolltech/Qt-4.8.0/bin
PATH: /System/Library/Frameworks/Python.framework/Versions/2.7/bin
PATH: /opt/local/bin
PATH: /opt/local/sbin
PATH: /opt/local/x86_64-apple-darwin11.0.0/bin/
PATH: /Users/lwy08/akka/bin
PATH: /usr/lib/postgresql91/bin
PATH: /Users/lwy08/Documents/msf3
PATH: /Users/lwy08/Documents/scala/bin
PATH: /opt/local/bin
PATH: /Users/lwy08/.rvm/bin
PATH: /Users/lwy08/mingw-w32-bin_i686-darwin/bin
PATH: /Library/Ruby/Gems/1.8/gems/hotcocoa-0.5.1/bin
PATH: /Library/Ruby/Gems/1.8/gems/rhodes-3.0.2/bin
PATH: /usr/local/bin
PATH: /Users/lwy08/neo4j/bin
PATH: /Users/lwy08/gsutil
PATH: /usr/share/ant/bin
PATH: /Users/lwy08/Documents/AndroidSDK/tools
PATH: /Users/lwy08/Documents/AndroidSDK/platform-tools
PATH: /Users/lwy08/Documents/GoogleGo/bin
PATH: /Users/lwy08/bin
PATH: /usr/local/Trolltech/Qt-4.8.0/bin
PATH: /System/Library/Frameworks/Python.framework/Versions/2.7/bin
PATH: /opt/local/bin
PATH: /opt/local/sbin
PATH: /opt/local/x86_64-apple-darwin11.0.0/bin/
PATH: /Users/lwy08/akka/bin
PATH: /usr/bin
PATH: /bin
PATH: /usr/sbin
PATH: /sbin
PATH: /usr/local/bin
PATH: /usr/X11/bin
PATH: /usr/local/MacGPG2/bin
PATH: /usr/texbin


## ----------- ##
## Core tests. ##
## ----------- ##

configure:1366: checking build system type
configure:1384: result: i386-apple-darwin11.0.0
configure:1392: checking host system type
configure:1406: result: i386-apple-darwin11.0.0
configure:1414: checking target system type
configure:1428: result: i386-apple-darwin11.0.0
configure:1614: checking for gawk
configure:1630: found /opt/local/bin/gawk
configure:1640: result: gawk
configure:1696: checking for gcc
configure:1712: found /usr/bin/gcc
configure:1722: result: gcc
configure:1966: checking for C compiler version
configure:1969: gcc --version </dev/null >&5
i686-apple-darwin11-llvm-gcc-4.2 (GCC) 4.2.1 (Based on Apple Inc. build 5658) (LLVM build 2335.15.00)
Copyright (C) 2007 Free Software Foundation, Inc.
This is free software; see the source for copying conditions.  There is NO
warranty; not even for MERCHANTABILITY or FITNESS FOR A PARTICULAR PURPOSE.

configure:1972: $? = 0
configure:1974: gcc -v </dev/null >&5
Using built-in specs.
Target: i686-apple-darwin11
Configured with: /private/var/tmp/llvmgcc42/llvmgcc42-2335.15~25/src/configure --disable-checking --enable-werror --prefix=/Developer/usr/llvm-gcc-4.2 --mandir=/share/man --enable-languages=c,objc,c++,obj-c++ --program-prefix=llvm- --program-transform-name=/^[cg][^.-]*$/s/$/-4.2/ --with-slibdir=/usr/lib --build=i686-apple-darwin11 --enable-llvm=/private/var/tmp/llvmgcc42/llvmgcc42-2335.15~25/dst-llvmCore/Developer/usr/local --program-prefix=i686-apple-darwin11- --host=x86_64-apple-darwin11 --target=i686-apple-darwin11 --with-gxx-include-dir=/usr/include/c++/4.2.1
Thread model: posix
gcc version 4.2.1 (Based on Apple Inc. build 5658) (LLVM build 2335.15.00)
configure:1977: $? = 0
configure:1979: gcc -V </dev/null >&5
llvm-gcc-4.2: argument to `-V' is missing
configure:1982: $? = 1
configure:2005: checking for C compiler default output file name
configure:2008: gcc -m32 -Wall -DUNIX   conftest.c  >&5
configure:2011: $? = 0
configure:2057: result: a.out
configure:2062: checking whether the C compiler works
configure:2068: ./a.out
configure:2071: $? = 0
configure:2088: result: yes
configure:2095: checking whether we are cross compiling
configure:2097: result: no
configure:2100: checking for suffix of executables
configure:2102: gcc -o conftest -m32 -Wall -DUNIX   conftest.c  >&5
configure:2105: $? = 0
configure:2130: result: 
configure:2136: checking for suffix of object files
configure:2157: gcc -c -m32 -Wall -DUNIX  conftest.c >&5
configure:2160: $? = 0
configure:2182: result: o
configure:2186: checking whether we are using the GNU C compiler
configure:2210: gcc -c -m32 -Wall -DUNIX  conftest.c >&5
configure:2216: $? = 0
configure:2220: test -z 
			 || test ! -s conftest.err
configure:2223: $? = 0
configure:2226: test -s conftest.o
configure:2229: $? = 0
configure:2242: result: yes
configure:2248: checking whether gcc accepts -g
configure:2269: gcc -c -g  conftest.c >&5
configure:2275: $? = 0
configure:2279: test -z 
			 || test ! -s conftest.err
configure:2282: $? = 0
configure:2285: test -s conftest.o
configure:2288: $? = 0
configure:2299: result: yes
configure:2316: checking for gcc option to accept ANSI C
configure:2386: gcc  -c -m32 -Wall -DUNIX  conftest.c >&5
configure:2392: $? = 0
configure:2396: test -z 
			 || test ! -s conftest.err
configure:2399: $? = 0
configure:2402: test -s conftest.o
configure:2405: $? = 0
configure:2423: result: none needed
configure:2441: gcc -c -m32 -Wall -DUNIX  conftest.c >&5
conftest.c:2: error: expected '=', ',', ';', 'asm' or '__attribute__' before 'me'
configure:2447: $? = 1
configure: failed program was:
| #ifndef __cplusplus
|   choke me
| #endif
configure:2593: checking for a BSD-compatible install
configure:2648: result: /opt/local/bin/ginstall -c
configure:2659: checking whether make sets $(MAKE)
configure:2679: result: yes
configure:2692: checking for gethostbyname in -lnsl
configure:2722: gcc -o conftest -m32 -Wall -DUNIX   conftest.c -lnsl   >&5
ld: library not found for -lnsl
collect2: ld returned 1 exit status
configure:2728: $? = 1
configure: failed program was:
| /* confdefs.h.  */
| 
| #define PACKAGE_NAME ""
| #define PACKAGE_TARNAME ""
| #define PACKAGE_VERSION ""
| #define PACKAGE_STRING ""
| #define PACKAGE_BUGREPORT ""
| #define FTimes_MACOS 1
| #define K_CPU_I386 1
| /* end confdefs.h.  */
| 
| /* Override any gcc2 internal prototype to avoid an error.  */
| #ifdef __cplusplus
| extern "C"
| #endif
| /* We use char because int might match the return type of a gcc2
|    builtin and then its argument prototype would still apply.  */
| char gethostbyname ();
| int
| main ()
| {
| gethostbyname ();
|   ;
|   return 0;
| }
configure:2754: result: no
configure:2766: checking for socket in -lsocket
configure:2796: gcc -o conftest -m32 -Wall -DUNIX   conftest.c -lsocket   >&5
ld: library not found for -lsocket
collect2: ld returned 1 exit status
configure:2802: $? = 1
configure: failed program was:
| /* confdefs.h.  */
| 
| #define PACKAGE_NAME ""
| #define PACKAGE_TARNAME ""
| #define PACKAGE_VERSION ""
| #define PACKAGE_STRING ""
| #define PACKAGE_BUGREPORT ""
| #define FTimes_MACOS 1
| #define K_CPU_I386 1
| /* end confdefs.h.  */
| 
| /* Override any gcc2 internal prototype to avoid an error.  */
| #ifdef __cplusplus
| extern "C"
| #endif
| /* We use char because int might match the return type of a gcc2
|    builtin and then its argument prototype would still apply.  */
| char socket ();
| int
| main ()
| {
| socket ();
|   ;
|   return 0;
| }
configure:2828: result: no
configure:2849: checking for dirent.h that defines DIR
configure:2873: gcc -c -m32 -Wall -DUNIX  conftest.c >&5
configure:2879: $? = 0
configure:2883: test -z 
			 || test ! -s conftest.err
configure:2886: $? = 0
configure:2889: test -s conftest.o
configure:2892: $? = 0
configure:2903: result: yes
configure:2916: checking for library containing opendir
configure:2946: gcc -o conftest -m32 -Wall -DUNIX   conftest.c  >&5
configure:2952: $? = 0
configure:2956: test -z 
			 || test ! -s conftest.err
configure:2959: $? = 0
configure:2962: test -s conftest
configure:2965: $? = 0
configure:3035: result: none required
configure:3176: checking how to run the C preprocessor
configure:3211: gcc -E  conftest.c
configure:3217: $? = 0
configure:3249: gcc -E  conftest.c
conftest.c:12:28: error: ac_nonexistent.h: No such file or directory
configure:3255: $? = 1
configure: failed program was:
| /* confdefs.h.  */
| 
| #define PACKAGE_NAME ""
| #define PACKAGE_TARNAME ""
| #define PACKAGE_VERSION ""
| #define PACKAGE_STRING ""
| #define PACKAGE_BUGREPORT ""
| #define FTimes_MACOS 1
| #define K_CPU_I386 1
| #define HAVE_DIRENT_H 1
| /* end confdefs.h.  */
| #include <ac_nonexistent.h>
configure:3294: result: gcc -E
configure:3318: gcc -E  conftest.c
configure:3324: $? = 0
configure:3356: gcc -E  conftest.c
conftest.c:12:28: error: ac_nonexistent.h: No such file or directory
configure:3362: $? = 1
configure: failed program was:
| /* confdefs.h.  */
| 
| #define PACKAGE_NAME ""
| #define PACKAGE_TARNAME ""
| #define PACKAGE_VERSION ""
| #define PACKAGE_STRING ""
| #define PACKAGE_BUGREPORT ""
| #define FTimes_MACOS 1
| #define K_CPU_I386 1
| #define HAVE_DIRENT_H 1
| /* end confdefs.h.  */
| #include <ac_nonexistent.h>
configure:3406: checking for egrep
configure:3416: result: grep -E
configure:3421: checking for ANSI C header files
configure:3446: gcc -c -m32 -Wall -DUNIX  conftest.c >&5
configure:3452: $? = 0
configure:3456: test -z 
			 || test ! -s conftest.err
configure:3459: $? = 0
configure:3462: test -s conftest.o
configure:3465: $? = 0
configure:3554: gcc -o conftest -m32 -Wall -DUNIX   conftest.c  >&5
conftest.c: In function 'main':
conftest.c:29: warning: implicit declaration of function 'exit'
conftest.c:29: warning: incompatible implicit declaration of built-in function 'exit'
configure:3557: $? = 0
configure:3559: ./conftest
configure:3562: $? = 0
configure:3577: result: yes
configure:3601: checking for sys/types.h
configure:3617: gcc -c -m32 -Wall -DUNIX  conftest.c >&5
configure:3623: $? = 0
configure:3627: test -z 
			 || test ! -s conftest.err
configure:3630: $? = 0
configure:3633: test -s conftest.o
configure:3636: $? = 0
configure:3647: result: yes
configure:3601: checking for sys/stat.h
configure:3617: gcc -c -m32 -Wall -DUNIX  conftest.c >&5
configure:3623: $? = 0
configure:3627: test -z 
			 || test ! -s conftest.err
configure:3630: $? = 0
configure:3633: test -s conftest.o
configure:3636: $? = 0
configure:3647: result: yes
configure:3601: checking for stdlib.h
configure:3617: gcc -c -m32 -Wall -DUNIX  conftest.c >&5
configure:3623: $? = 0
configure:3627: test -z 
			 || test ! -s conftest.err
configure:3630: $? = 0
configure:3633: test -s conftest.o
configure:3636: $? = 0
configure:3647: result: yes
configure:3601: checking for string.h
configure:3617: gcc -c -m32 -Wall -DUNIX  conftest.c >&5
configure:3623: $? = 0
configure:3627: test -z 
			 || test ! -s conftest.err
configure:3630: $? = 0
configure:3633: test -s conftest.o
configure:3636: $? = 0
configure:3647: result: yes
configure:3601: checking for memory.h
configure:3617: gcc -c -m32 -Wall -DUNIX  conftest.c >&5
configure:3623: $? = 0
configure:3627: test -z 
			 || test ! -s conftest.err
configure:3630: $? = 0
configure:3633: test -s conftest.o
configure:3636: $? = 0
configure:3647: result: yes
configure:3601: checking for strings.h
configure:3617: gcc -c -m32 -Wall -DUNIX  conftest.c >&5
configure:3623: $? = 0
configure:3627: test -z 
			 || test ! -s conftest.err
configure:3630: $? = 0
configure:3633: test -s conftest.o
configure:3636: $? = 0
configure:3647: result: yes
configure:3601: checking for inttypes.h
configure:3617: gcc -c -m32 -Wall -DUNIX  conftest.c >&5
configure:3623: $? = 0
configure:3627: test -z 
			 || test ! -s conftest.err
configure:3630: $? = 0
configure:3633: test -s conftest.o
configure:3636: $? = 0
configure:3647: result: yes
configure:3601: checking for stdint.h
configure:3617: gcc -c -m32 -Wall -DUNIX  conftest.c >&5
configure:3623: $? = 0
configure:3627: test -z 
			 || test ! -s conftest.err
configure:3630: $? = 0
configure:3633: test -s conftest.o
configure:3636: $? = 0
configure:3647: result: yes
configure:3601: checking for unistd.h
configure:3617: gcc -c -m32 -Wall -DUNIX  conftest.c >&5
configure:3623: $? = 0
configure:3627: test -z 
			 || test ! -s conftest.err
configure:3630: $? = 0
configure:3633: test -s conftest.o
configure:3636: $? = 0
configure:3647: result: yes
configure:3659: checking whether sys/types.h defines makedev
configure:3680: gcc -o conftest -m32 -Wall -DUNIX   conftest.c  >&5
configure:3686: $? = 0
configure:3690: test -z 
			 || test ! -s conftest.err
configure:3693: $? = 0
configure:3696: test -s conftest
configure:3699: $? = 0
configure:3712: result: yes
configure:4041: checking arpa/inet.h usability
configure:4053: gcc -c -m32 -Wall -DUNIX  conftest.c >&5
configure:4059: $? = 0
configure:4063: test -z 
			 || test ! -s conftest.err
configure:4066: $? = 0
configure:4069: test -s conftest.o
configure:4072: $? = 0
configure:4082: result: yes
configure:4086: checking arpa/inet.h presence
configure:4096: gcc -E  conftest.c
configure:4102: $? = 0
configure:4122: result: yes
configure:4157: checking for arpa/inet.h
configure:4164: result: yes
configure:4041: checking fcntl.h usability
configure:4053: gcc -c -m32 -Wall -DUNIX  conftest.c >&5
configure:4059: $? = 0
configure:4063: test -z 
			 || test ! -s conftest.err
configure:4066: $? = 0
configure:4069: test -s conftest.o
configure:4072: $? = 0
configure:4082: result: yes
configure:4086: checking fcntl.h presence
configure:4096: gcc -E  conftest.c
configure:4102: $? = 0
configure:4122: result: yes
configure:4157: checking for fcntl.h
configure:4164: result: yes
configure:4041: checking limits.h usability
configure:4053: gcc -c -m32 -Wall -DUNIX  conftest.c >&5
configure:4059: $? = 0
configure:4063: test -z 
			 || test ! -s conftest.err
configure:4066: $? = 0
configure:4069: test -s conftest.o
configure:4072: $? = 0
configure:4082: result: yes
configure:4086: checking limits.h presence
configure:4096: gcc -E  conftest.c
configure:4102: $? = 0
configure:4122: result: yes
configure:4157: checking for limits.h
configure:4164: result: yes
configure:4041: checking netdb.h usability
configure:4053: gcc -c -m32 -Wall -DUNIX  conftest.c >&5
configure:4059: $? = 0
configure:4063: test -z 
			 || test ! -s conftest.err
configure:4066: $? = 0
configure:4069: test -s conftest.o
configure:4072: $? = 0
configure:4082: result: yes
configure:4086: checking netdb.h presence
configure:4096: gcc -E  conftest.c
configure:4102: $? = 0
configure:4122: result: yes
configure:4157: checking for netdb.h
configure:4164: result: yes
configure:4041: checking netinet/in.h usability
configure:4053: gcc -c -m32 -Wall -DUNIX  conftest.c >&5
configure:4059: $? = 0
configure:4063: test -z 
			 || test ! -s conftest.err
configure:4066: $? = 0
configure:4069: test -s conftest.o
configure:4072: $? = 0
configure:4082: result: yes
configure:4086: checking netinet/in.h presence
configure:4096: gcc -E  conftest.c
configure:4102: $? = 0
configure:4122: result: yes
configure:4157: checking for netinet/in.h
configure:4164: result: yes
configure:4032: checking for stdlib.h
configure:4037: result: yes
configure:4032: checking for string.h
configure:4037: result: yes
configure:4032: checking for strings.h
configure:4037: result: yes
configure:4041: checking sys/param.h usability
configure:4053: gcc -c -m32 -Wall -DUNIX  conftest.c >&5
configure:4059: $? = 0
configure:4063: test -z 
			 || test ! -s conftest.err
configure:4066: $? = 0
configure:4069: test -s conftest.o
configure:4072: $? = 0
configure:4082: result: yes
configure:4086: checking sys/param.h presence
configure:4096: gcc -E  conftest.c
configure:4102: $? = 0
configure:4122: result: yes
configure:4157: checking for sys/param.h
configure:4164: result: yes
configure:4041: checking sys/socket.h usability
configure:4053: gcc -c -m32 -Wall -DUNIX  conftest.c >&5
configure:4059: $? = 0
configure:4063: test -z 
			 || test ! -s conftest.err
configure:4066: $? = 0
configure:4069: test -s conftest.o
configure:4072: $? = 0
configure:4082: result: yes
configure:4086: checking sys/socket.h presence
configure:4096: gcc -E  conftest.c
configure:4102: $? = 0
configure:4122: result: yes
configure:4157: checking for sys/socket.h
configure:4164: result: yes
configure:4041: checking sys/statfs.h usability
configure:4053: gcc -c -m32 -Wall -DUNIX  conftest.c >&5
conftest.c:66:24: error: sys/statfs.h: No such file or directory
configure:4059: $? = 1
configure: failed program was:
| /* confdefs.h.  */
| 
| #define PACKAGE_NAME ""
| #define PACKAGE_TARNAME ""
| #define PACKAGE_VERSION ""
| #define PACKAGE_STRING ""
| #define PACKAGE_BUGREPORT ""
| #define FTimes_MACOS 1
| #define K_CPU_I386 1
| #define HAVE_DIRENT_H 1
| #define STDC_HEADERS 1
| #define HAVE_SYS_TYPES_H 1
| #define HAVE_SYS_STAT_H 1
| #define HAVE_STDLIB_H 1
| #define HAVE_STRING_H 1
| #define HAVE_MEMORY_H 1
| #define HAVE_STRINGS_H 1
| #define HAVE_INTTYPES_H 1
| #define HAVE_STDINT_H 1
| #define HAVE_UNISTD_H 1
| #define HAVE_ARPA_INET_H 1
| #define HAVE_FCNTL_H 1
| #define HAVE_LIMITS_H 1
| #define HAVE_NETDB_H 1
| #define HAVE_NETINET_IN_H 1
| #define HAVE_STDLIB_H 1
| #define HAVE_STRING_H 1
| #define HAVE_STRINGS_H 1
| #define HAVE_SYS_PARAM_H 1
| #define HAVE_SYS_SOCKET_H 1
| /* end confdefs.h.  */
| #include <stdio.h>
| #if HAVE_SYS_TYPES_H
| # include <sys/types.h>
| #endif
| #if HAVE_SYS_STAT_H
| # include <sys/stat.h>
| #endif
| #if STDC_HEADERS
| # include <stdlib.h>
| # include <stddef.h>
| #else
| # if HAVE_STDLIB_H
| #  include <stdlib.h>
| # endif
| #endif
| #if HAVE_STRING_H
| # if !STDC_HEADERS && HAVE_MEMORY_H
| #  include <memory.h>
| # endif
| # include <string.h>
| #endif
| #if HAVE_STRINGS_H
| # include <strings.h>
| #endif
| #if HAVE_INTTYPES_H
| # include <inttypes.h>
| #else
| # if HAVE_STDINT_H
| #  include <stdint.h>
| # endif
| #endif
| #if HAVE_UNISTD_H
| # include <unistd.h>
| #endif
| #include <sys/statfs.h>
configure:4082: result: no
configure:4086: checking sys/statfs.h presence
configure:4096: gcc -E  conftest.c
conftest.c:32:24: error: sys/statfs.h: No such file or directory
configure:4102: $? = 1
configure: failed program was:
| /* confdefs.h.  */
| 
| #define PACKAGE_NAME ""
| #define PACKAGE_TARNAME ""
| #define PACKAGE_VERSION ""
| #define PACKAGE_STRING ""
| #define PACKAGE_BUGREPORT ""
| #define FTimes_MACOS 1
| #define K_CPU_I386 1
| #define HAVE_DIRENT_H 1
| #define STDC_HEADERS 1
| #define HAVE_SYS_TYPES_H 1
| #define HAVE_SYS_STAT_H 1
| #define HAVE_STDLIB_H 1
| #define HAVE_STRING_H 1
| #define HAVE_MEMORY_H 1
| #define HAVE_STRINGS_H 1
| #define HAVE_INTTYPES_H 1
| #define HAVE_STDINT_H 1
| #define HAVE_UNISTD_H 1
| #define HAVE_ARPA_INET_H 1
| #define HAVE_FCNTL_H 1
| #define HAVE_LIMITS_H 1
| #define HAVE_NETDB_H 1
| #define HAVE_NETINET_IN_H 1
| #define HAVE_STDLIB_H 1
| #define HAVE_STRING_H 1
| #define HAVE_STRINGS_H 1
| #define HAVE_SYS_PARAM_H 1
| #define HAVE_SYS_SOCKET_H 1
| /* end confdefs.h.  */
| #include <sys/statfs.h>
configure:4122: result: no
configure:4157: checking for sys/statfs.h
configure:4164: result: no
configure:4041: checking sys/statvfs.h usability
configure:4053: gcc -c -m32 -Wall -DUNIX  conftest.c >&5
configure:4059: $? = 0
configure:4063: test -z 
			 || test ! -s conftest.err
configure:4066: $? = 0
configure:4069: test -s conftest.o
configure:4072: $? = 0
configure:4082: result: yes
configure:4086: checking sys/statvfs.h presence
configure:4096: gcc -E  conftest.c
configure:4102: $? = 0
configure:4122: result: yes
configure:4157: checking for sys/statvfs.h
configure:4164: result: yes
configure:4041: checking sys/time.h usability
configure:4053: gcc -c -m32 -Wall -DUNIX  conftest.c >&5
configure:4059: $? = 0
configure:4063: test -z 
			 || test ! -s conftest.err
configure:4066: $? = 0
configure:4069: test -s conftest.o
configure:4072: $? = 0
configure:4082: result: yes
configure:4086: checking sys/time.h presence
configure:4096: gcc -E  conftest.c
configure:4102: $? = 0
configure:4122: result: yes
configure:4157: checking for sys/time.h
configure:4164: result: yes
configure:4041: checking sys/vfs.h usability
configure:4053: gcc -c -m32 -Wall -DUNIX  conftest.c >&5
conftest.c:68:21: error: sys/vfs.h: No such file or directory
configure:4059: $? = 1
configure: failed program was:
| /* confdefs.h.  */
| 
| #define PACKAGE_NAME ""
| #define PACKAGE_TARNAME ""
| #define PACKAGE_VERSION ""
| #define PACKAGE_STRING ""
| #define PACKAGE_BUGREPORT ""
| #define FTimes_MACOS 1
| #define K_CPU_I386 1
| #define HAVE_DIRENT_H 1
| #define STDC_HEADERS 1
| #define HAVE_SYS_TYPES_H 1
| #define HAVE_SYS_STAT_H 1
| #define HAVE_STDLIB_H 1
| #define HAVE_STRING_H 1
| #define HAVE_MEMORY_H 1
| #define HAVE_STRINGS_H 1
| #define HAVE_INTTYPES_H 1
| #define HAVE_STDINT_H 1
| #define HAVE_UNISTD_H 1
| #define HAVE_ARPA_INET_H 1
| #define HAVE_FCNTL_H 1
| #define HAVE_LIMITS_H 1
| #define HAVE_NETDB_H 1
| #define HAVE_NETINET_IN_H 1
| #define HAVE_STDLIB_H 1
| #define HAVE_STRING_H 1
| #define HAVE_STRINGS_H 1
| #define HAVE_SYS_PARAM_H 1
| #define HAVE_SYS_SOCKET_H 1
| #define HAVE_SYS_STATVFS_H 1
| #define HAVE_SYS_TIME_H 1
| /* end confdefs.h.  */
| #include <stdio.h>
| #if HAVE_SYS_TYPES_H
| # include <sys/types.h>
| #endif
| #if HAVE_SYS_STAT_H
| # include <sys/stat.h>
| #endif
| #if STDC_HEADERS
| # include <stdlib.h>
| # include <stddef.h>
| #else
| # if HAVE_STDLIB_H
| #  include <stdlib.h>
| # endif
| #endif
| #if HAVE_STRING_H
| # if !STDC_HEADERS && HAVE_MEMORY_H
| #  include <memory.h>
| # endif
| # include <string.h>
| #endif
| #if HAVE_STRINGS_H
| # include <strings.h>
| #endif
| #if HAVE_INTTYPES_H
| # include <inttypes.h>
| #else
| # if HAVE_STDINT_H
| #  include <stdint.h>
| # endif
| #endif
| #if HAVE_UNISTD_H
| # include <unistd.h>
| #endif
| #include <sys/vfs.h>
configure:4082: result: no
configure:4086: checking sys/vfs.h presence
configure:4096: gcc -E  conftest.c
conftest.c:34:21: error: sys/vfs.h: No such file or directory
configure:4102: $? = 1
configure: failed program was:
| /* confdefs.h.  */
| 
| #define PACKAGE_NAME ""
| #define PACKAGE_TARNAME ""
| #define PACKAGE_VERSION ""
| #define PACKAGE_STRING ""
| #define PACKAGE_BUGREPORT ""
| #define FTimes_MACOS 1
| #define K_CPU_I386 1
| #define HAVE_DIRENT_H 1
| #define STDC_HEADERS 1
| #define HAVE_SYS_TYPES_H 1
| #define HAVE_SYS_STAT_H 1
| #define HAVE_STDLIB_H 1
| #define HAVE_STRING_H 1
| #define HAVE_MEMORY_H 1
| #define HAVE_STRINGS_H 1
| #define HAVE_INTTYPES_H 1
| #define HAVE_STDINT_H 1
| #define HAVE_UNISTD_H 1
| #define HAVE_ARPA_INET_H 1
| #define HAVE_FCNTL_H 1
| #define HAVE_LIMITS_H 1
| #define HAVE_NETDB_H 1
| #define HAVE_NETINET_IN_H 1
| #define HAVE_STDLIB_H 1
| #define HAVE_STRING_H 1
| #define HAVE_STRINGS_H 1
| #define HAVE_SYS_PARAM_H 1
| #define HAVE_SYS_SOCKET_H 1
| #define HAVE_SYS_STATVFS_H 1
| #define HAVE_SYS_TIME_H 1
| /* end confdefs.h.  */
| #include <sys/vfs.h>
configure:4122: result: no
configure:4157: checking for sys/vfs.h
configure:4164: result: no
configure:4032: checking for unistd.h
configure:4037: result: yes
configure:4182: checking for sys/mount.h
configure:4203: gcc -c -m32 -Wall -DUNIX  conftest.c >&5
configure:4209: $? = 0
configure:4213: test -z 
			 || test ! -s conftest.err
configure:4216: $? = 0
configure:4219: test -s conftest.o
configure:4222: $? = 0
configure:4233: result: yes
configure:4246: checking for an ANSI C-conforming const
configure:4313: gcc -c -m32 -Wall -DUNIX  conftest.c >&5
conftest.c: In function 'main':
conftest.c:63: warning: unused variable 's'
conftest.c:83: warning: unused variable 'foo'
conftest.c:50: warning: unused variable 'zero'
conftest.c:44: warning: unused variable 'x'
configure:4319: $? = 0
configure:4323: test -z 
			 || test ! -s conftest.err
configure:4326: $? = 0
configure:4329: test -s conftest.o
configure:4332: $? = 0
configure:4343: result: yes
configure:4353: checking for size_t
configure:4377: gcc -c -m32 -Wall -DUNIX  conftest.c >&5
configure:4383: $? = 0
configure:4387: test -z 
			 || test ! -s conftest.err
configure:4390: $? = 0
configure:4393: test -s conftest.o
configure:4396: $? = 0
configure:4407: result: yes
configure:4419: checking for struct stat.st_rdev
configure:4442: gcc -c -m32 -Wall -DUNIX  conftest.c >&5
configure:4448: $? = 0
configure:4452: test -z 
			 || test ! -s conftest.err
configure:4455: $? = 0
configure:4458: test -s conftest.o
configure:4461: $? = 0
configure:4518: result: yes
configure:4536: checking for special C compiler options needed for large files
configure:4635: result: no
configure:4641: checking for _FILE_OFFSET_BITS value needed for large files
configure:4672: gcc -c -m32 -Wall -DUNIX  conftest.c >&5
configure:4678: $? = 0
configure:4682: test -z 
			 || test ! -s conftest.err
configure:4685: $? = 0
configure:4688: test -s conftest.o
configure:4691: $? = 0
configure:4756: result: no
configure:4766: checking for _LARGE_FILES value needed for large files
configure:4797: gcc -c -m32 -Wall -DUNIX  conftest.c >&5
configure:4803: $? = 0
configure:4807: test -z 
			 || test ! -s conftest.err
configure:4810: $? = 0
configure:4813: test -s conftest.o
configure:4816: $? = 0
configure:4881: result: no
configure:4895: checking whether lstat dereferences a symlink specified with a trailing slash
configure:4926: gcc -o conftest -m32 -Wall -DUNIX   conftest.c  >&5
configure:4929: $? = 0
configure:4931: ./conftest
configure:4934: $? = 1
configure: program exited with status 1
configure: failed program was:
| /* confdefs.h.  */
| 
| #define PACKAGE_NAME ""
| #define PACKAGE_TARNAME ""
| #define PACKAGE_VERSION ""
| #define PACKAGE_STRING ""
| #define PACKAGE_BUGREPORT ""
| #define FTimes_MACOS 1
| #define K_CPU_I386 1
| #define HAVE_DIRENT_H 1
| #define STDC_HEADERS 1
| #define HAVE_SYS_TYPES_H 1
| #define HAVE_SYS_STAT_H 1
| #define HAVE_STDLIB_H 1
| #define HAVE_STRING_H 1
| #define HAVE_MEMORY_H 1
| #define HAVE_STRINGS_H 1
| #define HAVE_INTTYPES_H 1
| #define HAVE_STDINT_H 1
| #define HAVE_UNISTD_H 1
| #define HAVE_ARPA_INET_H 1
| #define HAVE_FCNTL_H 1
| #define HAVE_LIMITS_H 1
| #define HAVE_NETDB_H 1
| #define HAVE_NETINET_IN_H 1
| #define HAVE_STDLIB_H 1
| #define HAVE_STRING_H 1
| #define HAVE_STRINGS_H 1
| #define HAVE_SYS_PARAM_H 1
| #define HAVE_SYS_SOCKET_H 1
| #define HAVE_SYS_STATVFS_H 1
| #define HAVE_SYS_TIME_H 1
| #define HAVE_UNISTD_H 1
| #define HAVE_SYS_MOUNT_H 1
| #define HAVE_STRUCT_STAT_ST_RDEV 1
| /* end confdefs.h.  */
| #include <stdio.h>
| #if HAVE_SYS_TYPES_H
| # include <sys/types.h>
| #endif
| #if HAVE_SYS_STAT_H
| # include <sys/stat.h>
| #endif
| #if STDC_HEADERS
| # include <stdlib.h>
| # include <stddef.h>
| #else
| # if HAVE_STDLIB_H
| #  include <stdlib.h>
| # endif
| #endif
| #if HAVE_STRING_H
| # if !STDC_HEADERS && HAVE_MEMORY_H
| #  include <memory.h>
| # endif
| # include <string.h>
| #endif
| #if HAVE_STRINGS_H
| # include <strings.h>
| #endif
| #if HAVE_INTTYPES_H
| # include <inttypes.h>
| #else
| # if HAVE_STDINT_H
| #  include <stdint.h>
| # endif
| #endif
| #if HAVE_UNISTD_H
| # include <unistd.h>
| #endif
| int
| main ()
| {
| struct stat sbuf;
|      /* Linux will dereference the symlink and fail.
| 	That is better in the sense that it means we will not
| 	have to compile and use the lstat wrapper.  */
|      exit (lstat ("conftest.sym/", &sbuf) ? 0 : 1);
|   ;
|   return 0;
| }
configure:4955: result: no
configure:4976: checking whether lstat accepts an empty string
configure:5001: gcc -o conftest -m32 -Wall -DUNIX   conftest.c  >&5
configure:5004: $? = 0
configure:5006: ./conftest
configure:5009: $? = 1
configure: program exited with status 1
configure: failed program was:
| /* confdefs.h.  */
| 
| #define PACKAGE_NAME ""
| #define PACKAGE_TARNAME ""
| #define PACKAGE_VERSION ""
| #define PACKAGE_STRING ""
| #define PACKAGE_BUGREPORT ""
| #define FTimes_MACOS 1
| #define K_CPU_I386 1
| #define HAVE_DIRENT_H 1
| #define STDC_HEADERS 1
| #define HAVE_SYS_TYPES_H 1
| #define HAVE_SYS_STAT_H 1
| #define HAVE_STDLIB_H 1
| #define HAVE_STRING_H 1
| #define HAVE_MEMORY_H 1
| #define HAVE_STRINGS_H 1
| #define HAVE_INTTYPES_H 1
| #define HAVE_STDINT_H 1
| #define HAVE_UNISTD_H 1
| #define HAVE_ARPA_INET_H 1
| #define HAVE_FCNTL_H 1
| #define HAVE_LIMITS_H 1
| #define HAVE_NETDB_H 1
| #define HAVE_NETINET_IN_H 1
| #define HAVE_STDLIB_H 1
| #define HAVE_STRING_H 1
| #define HAVE_STRINGS_H 1
| #define HAVE_SYS_PARAM_H 1
| #define HAVE_SYS_SOCKET_H 1
| #define HAVE_SYS_STATVFS_H 1
| #define HAVE_SYS_TIME_H 1
| #define HAVE_UNISTD_H 1
| #define HAVE_SYS_MOUNT_H 1
| #define HAVE_STRUCT_STAT_ST_RDEV 1
| /* end confdefs.h.  */
| #include <stdio.h>
| #if HAVE_SYS_TYPES_H
| # include <sys/types.h>
| #endif
| #if HAVE_SYS_STAT_H
| # include <sys/stat.h>
| #endif
| #if STDC_HEADERS
| # include <stdlib.h>
| # include <stddef.h>
| #else
| # if HAVE_STDLIB_H
| #  include <stdlib.h>
| # endif
| #endif
| #if HAVE_STRING_H
| # if !STDC_HEADERS && HAVE_MEMORY_H
| #  include <memory.h>
| # endif
| # include <string.h>
| #endif
| #if HAVE_STRINGS_H
| # include <strings.h>
| #endif
| #if HAVE_INTTYPES_H
| # include <inttypes.h>
| #else
| # if HAVE_STDINT_H
| #  include <stdint.h>
| # endif
| #endif
| #if HAVE_UNISTD_H
| # include <unistd.h>
| #endif
| int
| main ()
| {
| struct stat sbuf;
|   exit (lstat ("", &sbuf) ? 1 : 0);
|   ;
|   return 0;
| }
configure:5023: result: no
configure:5046: checking for stdlib.h
configure:5051: result: yes
configure:5191: checking for GNU libc compatible malloc
configure:5220: gcc -o conftest -m32 -Wall -DUNIX   conftest.c  >&5
configure:5223: $? = 0
configure:5225: ./conftest
configure:5228: $? = 0
configure:5242: result: yes
configure:5272: checking for working memcmp
configure:5320: gcc -o conftest -m32 -Wall -DUNIX   conftest.c  >&5
configure:5323: $? = 0
configure:5325: ./conftest
configure:5328: $? = 0
configure:5342: result: yes
configure:5353: checking whether stat accepts an empty string
configure:5378: gcc -o conftest -m32 -Wall -DUNIX   conftest.c  >&5
configure:5381: $? = 0
configure:5383: ./conftest
configure:5386: $? = 1
configure: program exited with status 1
configure: failed program was:
| /* confdefs.h.  */
| 
| #define PACKAGE_NAME ""
| #define PACKAGE_TARNAME ""
| #define PACKAGE_VERSION ""
| #define PACKAGE_STRING ""
| #define PACKAGE_BUGREPORT ""
| #define FTimes_MACOS 1
| #define K_CPU_I386 1
| #define HAVE_DIRENT_H 1
| #define STDC_HEADERS 1
| #define HAVE_SYS_TYPES_H 1
| #define HAVE_SYS_STAT_H 1
| #define HAVE_STDLIB_H 1
| #define HAVE_STRING_H 1
| #define HAVE_MEMORY_H 1
| #define HAVE_STRINGS_H 1
| #define HAVE_INTTYPES_H 1
| #define HAVE_STDINT_H 1
| #define HAVE_UNISTD_H 1
| #define HAVE_ARPA_INET_H 1
| #define HAVE_FCNTL_H 1
| #define HAVE_LIMITS_H 1
| #define HAVE_NETDB_H 1
| #define HAVE_NETINET_IN_H 1
| #define HAVE_STDLIB_H 1
| #define HAVE_STRING_H 1
| #define HAVE_STRINGS_H 1
| #define HAVE_SYS_PARAM_H 1
| #define HAVE_SYS_SOCKET_H 1
| #define HAVE_SYS_STATVFS_H 1
| #define HAVE_SYS_TIME_H 1
| #define HAVE_UNISTD_H 1
| #define HAVE_SYS_MOUNT_H 1
| #define HAVE_STRUCT_STAT_ST_RDEV 1
| #define HAVE_STDLIB_H 1
| #define HAVE_MALLOC 1
| /* end confdefs.h.  */
| #include <stdio.h>
| #if HAVE_SYS_TYPES_H
| # include <sys/types.h>
| #endif
| #if HAVE_SYS_STAT_H
| # include <sys/stat.h>
| #endif
| #if STDC_HEADERS
| # include <stdlib.h>
| # include <stddef.h>
| #else
| # if HAVE_STDLIB_H
| #  include <stdlib.h>
| # endif
| #endif
| #if HAVE_STRING_H
| # if !STDC_HEADERS && HAVE_MEMORY_H
| #  include <memory.h>
| # endif
| # include <string.h>
| #endif
| #if HAVE_STRINGS_H
| # include <strings.h>
| #endif
| #if HAVE_INTTYPES_H
| # include <inttypes.h>
| #else
| # if HAVE_STDINT_H
| #  include <stdint.h>
| # endif
| #endif
| #if HAVE_UNISTD_H
| # include <unistd.h>
| #endif
| int
| main ()
| {
| struct stat sbuf;
|   exit (stat ("", &sbuf) ? 1 : 0);
|   ;
|   return 0;
| }
configure:5400: result: no
configure:5422: checking for strftime
configure:5479: gcc -o conftest -m32 -Wall -DUNIX   conftest.c  >&5
conftest.c:63: warning: conflicting types for built-in function 'strftime'
configure:5485: $? = 0
configure:5489: test -z 
			 || test ! -s conftest.err
configure:5492: $? = 0
configure:5495: test -s conftest
configure:5498: $? = 0
configure:5510: result: yes
configure:5609: checking for getcwd
configure:5666: gcc -o conftest -m32 -Wall -DUNIX   conftest.c  >&5
configure:5672: $? = 0
configure:5676: test -z 
			 || test ! -s conftest.err
configure:5679: $? = 0
configure:5682: test -s conftest
configure:5685: $? = 0
configure:5697: result: yes
configure:5609: checking for gethostbyname
configure:5666: gcc -o conftest -m32 -Wall -DUNIX   conftest.c  >&5
configure:5672: $? = 0
configure:5676: test -z 
			 || test ! -s conftest.err
configure:5679: $? = 0
configure:5682: test -s conftest
configure:5685: $? = 0
configure:5697: result: yes
configure:5609: checking for memset
configure:5666: gcc -o conftest -m32 -Wall -DUNIX   conftest.c  >&5
conftest.c:66: warning: conflicting types for built-in function 'memset'
configure:5672: $? = 0
configure:5676: test -z 
			 || test ! -s conftest.err
configure:5679: $? = 0
configure:5682: test -s conftest
configure:5685: $? = 0
configure:5697: result: yes
configure:5609: checking for modf
configure:5666: gcc -o conftest -m32 -Wall -DUNIX   conftest.c  >&5
conftest.c:67: warning: conflicting types for built-in function 'modf'
configure:5672: $? = 0
configure:5676: test -z 
			 || test ! -s conftest.err
configure:5679: $? = 0
configure:5682: test -s conftest
configure:5685: $? = 0
configure:5697: result: yes
configure:5609: checking for socket
configure:5666: gcc -o conftest -m32 -Wall -DUNIX   conftest.c  >&5
configure:5672: $? = 0
configure:5676: test -z 
			 || test ! -s conftest.err
configure:5679: $? = 0
configure:5682: test -s conftest
configure:5685: $? = 0
configure:5697: result: yes
configure:5609: checking for strcasecmp
configure:5666: gcc -o conftest -m32 -Wall -DUNIX   conftest.c  >&5
conftest.c:69: warning: conflicting types for built-in function 'strcasecmp'
configure:5672: $? = 0
configure:5676: test -z 
			 || test ! -s conftest.err
configure:5679: $? = 0
configure:5682: test -s conftest
configure:5685: $? = 0
configure:5697: result: yes
configure:5609: checking for strchr
configure:5666: gcc -o conftest -m32 -Wall -DUNIX   conftest.c  >&5
conftest.c:70: warning: conflicting types for built-in function 'strchr'
configure:5672: $? = 0
configure:5676: test -z 
			 || test ! -s conftest.err
configure:5679: $? = 0
configure:5682: test -s conftest
configure:5685: $? = 0
configure:5697: result: yes
configure:5609: checking for strerror
configure:5666: gcc -o conftest -m32 -Wall -DUNIX   conftest.c  >&5
configure:5672: $? = 0
configure:5676: test -z 
			 || test ! -s conftest.err
configure:5679: $? = 0
configure:5682: test -s conftest
configure:5685: $? = 0
configure:5697: result: yes
configure:5609: checking for strncasecmp
configure:5666: gcc -o conftest -m32 -Wall -DUNIX   conftest.c  >&5
conftest.c:72: warning: conflicting types for built-in function 'strncasecmp'
configure:5672: $? = 0
configure:5676: test -z 
			 || test ! -s conftest.err
configure:5679: $? = 0
configure:5682: test -s conftest
configure:5685: $? = 0
configure:5697: result: yes
configure:5609: checking for strstr
configure:5666: gcc -o conftest -m32 -Wall -DUNIX   conftest.c  >&5
conftest.c:73: warning: conflicting types for built-in function 'strstr'
configure:5672: $? = 0
configure:5676: test -z 
			 || test ! -s conftest.err
configure:5679: $? = 0
configure:5682: test -s conftest
configure:5685: $? = 0
configure:5697: result: yes
configure:5609: checking for strtoul
configure:5666: gcc -o conftest -m32 -Wall -DUNIX   conftest.c  >&5
configure:5672: $? = 0
configure:5676: test -z 
			 || test ! -s conftest.err
configure:5679: $? = 0
configure:5682: test -s conftest
configure:5685: $? = 0
configure:5697: result: yes
configure:5609: checking for uname
configure:5666: gcc -o conftest -m32 -Wall -DUNIX   conftest.c  >&5
configure:5672: $? = 0
configure:5676: test -z 
			 || test ! -s conftest.err
configure:5679: $? = 0
configure:5682: test -s conftest
configure:5685: $? = 0
configure:5697: result: yes
configure:5722: checking for OpenSSL support
configure:5773: result: /usr
configure:5803: checking for PCRE support
configure:5849: result: /opt/local
configure:5866: checking whether to include XMagic support
configure:5898: result: no
configure:5903: checking whether to compile using pre-mem{set,cpy} MD5 logic
configure:5916: result: no
configure:5922: checking whether to compile using pre-mem{set,cpy} SHA1 logic
configure:5935: result: no
configure:5944: checking whether to install server-side components
configure:5972: result: no
configure:5986: checking whether to install all utilities
configure:6012: result: no
configure:6016: checking whether to install dig utilities
configure:6061: result: no
configure:6065: checking whether to install hashdig utilities
configure:6102: result: no
configure:6106: checking whether to install map utilities
configure:6151: result: no
configure:6262: creating ./config.status

## ---------------------- ##
## Running config.status. ##
## ---------------------- ##

This file was extended by config.status, which was
generated by GNU Autoconf 2.59.  Invocation command line was

  CONFIG_FILES    = 
  CONFIG_HEADERS  = 
  CONFIG_LINKS    = 
  CONFIG_COMMANDS = 
  $ ./config.status 

on missscatterbrain.lshift.net

config.status:730: creating Makefile
config.status:730: creating Mk/common.mk
config.status:730: creating Mk/common-doc-c.mk
config.status:730: creating Mk/common-doc-perl.mk
config.status:730: creating Mk/common-src-c.mk
config.status:730: creating Mk/common-subdir.mk
config.status:730: creating Mk/common-tests.mk
config.status:730: creating doc/Makefile
config.status:730: creating doc/ftimes/Makefile
config.status:730: creating etc/Makefile
config.status:730: creating src/Makefile
config.status:730: creating tests/Makefile
config.status:730: creating tests/ftimes/Makefile
config.status:730: creating tests/ftimes/common/Makefile
config.status:730: creating tests/ftimes/common/compare/Makefile
config.status:730: creating tests/ftimes/common/compare/test_1/Makefile
config.status:730: creating tests/ftimes/common/compare/test_2/Makefile
config.status:730: creating tests/ftimes/common/compare/test_3/Makefile
config.status:730: creating tests/ftimes/common/decoder/Makefile
config.status:730: creating tests/ftimes/common/decoder/test_1/Makefile
config.status:730: creating tests/ftimes/common/dig/Makefile
config.status:730: creating tests/ftimes/common/dig/test_1/Makefile
config.status:730: creating tests/ftimes/common/dig/test_2/Makefile
config.status:730: creating tests/ftimes/common/dig/test_3/Makefile
config.status:730: creating tests/ftimes/common/map/Makefile
config.status:730: creating tests/ftimes/common/map/test_1/Makefile
config.status:730: creating tests/ftimes/common/map/test_2/Makefile
config.status:730: creating tests/ftimes/common/map/test_3/Makefile
config.status:730: creating tests/ftimes/common/map/test_4/Makefile
config.status:730: creating tests/ftimes/common/map/test_5/Makefile
config.status:730: creating tests/ftimes/common/map/test_6/Makefile
config.status:730: creating tests/ftimes/common_windows_ads/Makefile
config.status:730: creating tests/ftimes/common_windows_ads/map/Makefile
config.status:730: creating tests/ftimes/common_windows_ads/map/test_1/Makefile
config.status:730: creating tools/Makefile
config.status:834: creating src/config.h

## ---------------- ##
## Cache variables. ##
## ---------------- ##

ac_cv_build=i386-apple-darwin11.0.0
ac_cv_build_alias=i386-apple-darwin11.0.0
ac_cv_c_compiler_gnu=yes
ac_cv_c_const=yes
ac_cv_env_CC_set=
ac_cv_env_CC_value=
ac_cv_env_CFLAGS_set=set
ac_cv_env_CFLAGS_value=-m32
ac_cv_env_CPPFLAGS_set=
ac_cv_env_CPPFLAGS_value=
ac_cv_env_CPP_set=
ac_cv_env_CPP_value=
ac_cv_env_LDFLAGS_set=
ac_cv_env_LDFLAGS_value=
ac_cv_env_build_alias_set=
ac_cv_env_build_alias_value=
ac_cv_env_host_alias_set=
ac_cv_env_host_alias_value=
ac_cv_env_target_alias_set=
ac_cv_env_target_alias_value=
ac_cv_exeext=
ac_cv_func_getcwd=yes
ac_cv_func_gethostbyname=yes
ac_cv_func_lstat_dereferences_slashed_symlink=no
ac_cv_func_lstat_empty_string_bug=no
ac_cv_func_malloc_0_nonnull=yes
ac_cv_func_memcmp_working=yes
ac_cv_func_memset=yes
ac_cv_func_modf=yes
ac_cv_func_socket=yes
ac_cv_func_stat_empty_string_bug=no
ac_cv_func_strcasecmp=yes
ac_cv_func_strchr=yes
ac_cv_func_strerror=yes
ac_cv_func_strftime=yes
ac_cv_func_strncasecmp=yes
ac_cv_func_strstr=yes
ac_cv_func_strtoul=yes
ac_cv_func_uname=yes
ac_cv_header_arpa_inet_h=yes
ac_cv_header_dirent_dirent_h=yes
ac_cv_header_fcntl_h=yes
ac_cv_header_inttypes_h=yes
ac_cv_header_limits_h=yes
ac_cv_header_memory_h=yes
ac_cv_header_netdb_h=yes
ac_cv_header_netinet_in_h=yes
ac_cv_header_stdc=yes
ac_cv_header_stdint_h=yes
ac_cv_header_stdlib_h=yes
ac_cv_header_string_h=yes
ac_cv_header_strings_h=yes
ac_cv_header_sys_mount_h=yes
ac_cv_header_sys_param_h=yes
ac_cv_header_sys_socket_h=yes
ac_cv_header_sys_stat_h=yes
ac_cv_header_sys_statfs_h=no
ac_cv_header_sys_statvfs_h=yes
ac_cv_header_sys_time_h=yes
ac_cv_header_sys_types_h=yes
ac_cv_header_sys_types_h_makedev=yes
ac_cv_header_sys_vfs_h=no
ac_cv_header_unistd_h=yes
ac_cv_host=i386-apple-darwin11.0.0
ac_cv_host_alias=i386-apple-darwin11.0.0
ac_cv_lib_nsl_gethostbyname=no
ac_cv_lib_socket_socket=no
ac_cv_member_struct_stat_st_rdev=yes
ac_cv_objext=o
ac_cv_path_install='/opt/local/bin/ginstall -c'
ac_cv_prog_AWK=gawk
ac_cv_prog_CPP='gcc -E'
ac_cv_prog_ac_ct_CC=gcc
ac_cv_prog_cc_g=yes
ac_cv_prog_cc_stdc=
ac_cv_prog_egrep='grep -E'
ac_cv_prog_make_make_set=yes
ac_cv_search_opendir='none required'
ac_cv_sys_file_offset_bits=no
ac_cv_sys_large_files=no
ac_cv_sys_largefile_CC=no
ac_cv_target=i386-apple-darwin11.0.0
ac_cv_target_alias=i386-apple-darwin11.0.0
ac_cv_type_size_t=yes

## ----------------- ##
## Output variables. ##
## ----------------- ##

AWK='gawk'
CC='gcc'
CFLAGS='-m32 -Wall -DUNIX'
CPP='gcc -E'
CPPFLAGS=''
DEFS='-DHAVE_CONFIG_H'
ECHO_C='ECHO_N=''
ECHO_T=''
EGREP='grep -E'
EXEEXT=''
INSTALL_DATA='${INSTALL} -m 644'
INSTALL_PROGRAM='${INSTALL}'
INSTALL_SCRIPT='${INSTALL}'
LDFLAGS=''
LIBOBJS=' lstat$U.o'
LIBS=''
LTLIBOBJS=' lstat$U.lo'
OBJEXT='o'
PACKAGE_BUGREPORT=''
PACKAGE_NAME=''
PACKAGE_STRING=''
PACKAGE_TARNAME=''
PACKAGE_VERSION=''
PATH_SEPARATOR=':'
SET_MAKE=''
SHELL='/bin/sh'
ac_ct_CC='gcc'
additional_ftimes_testdirs=''
additional_testdirs=''
ap_incs=''
ap_srcs=''
bindir='${exec_prefix}/bin'
build='i386-apple-darwin11.0.0'
build_alias=''
build_cpu='i386'
build_os='darwin11.0.0'
build_vendor='apple'
cgidir='${exec_prefix}/cgi'
datadir='${prefix}/share'
doc_subdirs='ftimes'
docdir='${exec_prefix}/doc'
etcdir='${exec_prefix}/etc'
exec_prefix='${prefix}'
extension=''
host='i386-apple-darwin11.0.0'
host_alias=''
host_cpu='i386'
host_os='darwin11.0.0'
host_vendor='apple'
html_files='ftimes.html'
includedir='${prefix}/include'
infodir='${prefix}/info'
libdir='${exec_prefix}/lib'
libexecdir='${exec_prefix}/libexec'
localstatedir='${prefix}/var'
logdir='${exec_prefix}/log'
man1_files='ftimes.1'
mandir='${exec_prefix}/man'
oldincludedir='/usr/include'
pcre_incflags='-I/opt/local/include'
pcre_incs=''
pcre_libflags='-L/opt/local/lib -lpcre'
pcre_srcs=''
prefix='/usr/local/ftimes'
program_transform_name='s,x,x,'
rundir='${exec_prefix}/run'
sbindir='${exec_prefix}/sbin'
server_subdirs=''
sharedstatedir='${prefix}/com'
ssl_incflags='-I/usr/include'
ssl_incs='ssl.h ssl-pool.h'
ssl_libflags='-L/usr/lib -lssl -lcrypto'
ssl_srcs='ssl.c'
sysconfdir='${prefix}/etc'
target='i386-apple-darwin11.0.0'
target_alias=''
target_cpu='i386'
target_os='darwin11.0.0'
target_vendor='apple'
tool_subdirs=''
xmagic_incs=''
xmagic_srcs=''

## ----------- ##
## confdefs.h. ##
## ----------- ##

#define FTimes_MACOS 1
#define HAVE_ARPA_INET_H 1
#define HAVE_DIRENT_H 1
#define HAVE_FCNTL_H 1
#define HAVE_GETCWD 1
#define HAVE_GETHOSTBYNAME 1
#define HAVE_INTTYPES_H 1
#define HAVE_LIMITS_H 1
#define HAVE_MALLOC 1
#define HAVE_MEMORY_H 1
#define HAVE_MEMSET 1
#define HAVE_MODF 1
#define HAVE_NETDB_H 1
#define HAVE_NETINET_IN_H 1
#define HAVE_SOCKET 1
#define HAVE_STDINT_H 1
#define HAVE_STDLIB_H 1
#define HAVE_STDLIB_H 1
#define HAVE_STDLIB_H 1
#define HAVE_STRCASECMP 1
#define HAVE_STRCHR 1
#define HAVE_STRERROR 1
#define HAVE_STRFTIME 1
#define HAVE_STRINGS_H 1
#define HAVE_STRINGS_H 1
#define HAVE_STRING_H 1
#define HAVE_STRING_H 1
#define HAVE_STRNCASECMP 1
#define HAVE_STRSTR 1
#define HAVE_STRTOUL 1
#define HAVE_STRUCT_STAT_ST_RDEV 1
#define HAVE_SYS_MOUNT_H 1
#define HAVE_SYS_PARAM_H 1
#define HAVE_SYS_SOCKET_H 1
#define HAVE_SYS_STATVFS_H 1
#define HAVE_SYS_STAT_H 1
#define HAVE_SYS_TIME_H 1
#define HAVE_SYS_TYPES_H 1
#define HAVE_UNAME 1
#define HAVE_UNISTD_H 1
#define HAVE_UNISTD_H 1
#define K_CPU_I386 1
#define PACKAGE_BUGREPORT ""
#define PACKAGE_NAME ""
#define PACKAGE_STRING ""
#define PACKAGE_TARNAME ""
#define PACKAGE_VERSION ""
#define STDC_HEADERS 1
#define USE_PCRE 1
#define USE_SSL 1

configure: exit 0
