This file contains any messages produced by compilers while
running configure, to aid debugging if configure makes a mistake.

It was created by configure, which was
generated by GNU Autoconf 2.59.  Invocation command line was

  $ ./configure --with-rubydir=/Library/Ruby/Gems/1.8/gems

## --------- ##
## Platform. ##
## --------- ##

hostname = missscatterbrain.local
uname -m = x86_64
uname -r = 11.0.0
uname -s = Darwin
uname -v = Darwin Kernel Version 11.0.0: Sat Jun 18 12:56:35 PDT 2011; root:xnu-1699.22.73~1/RELEASE_X86_64

/usr/bin/uname -p = i386
/bin/uname -X     = unknown

/bin/arch              = unknown
/usr/bin/arch -k       = unknown
/usr/convex/getsysinfo = unknown
hostinfo               = Mach kernel version:
	 Darwin Kernel Version 11.0.0: Sat Jun 18 12:56:35 PDT 2011; root:xnu-1699.22.73~1/RELEASE_X86_64
Kernel configured for up to 4 processors.
2 processors are physically available.
4 processors are logically available.
Processor type: i486 (Intel 80486)
Processors active: 0 1 2 3
Primary memory available: 4.00 gigabytes
Default processor set: 133 tasks, 693 threads, 4 processors
Load average: 1.24, Mach factor: 2.74
/bin/machine           = unknown
/usr/bin/oslevel       = unknown
/bin/universe          = unknown

PATH: /usr/lib/postgresql91/bin
PATH: /Users/lwy08/Documents/msf3
PATH: /Users/lwy08/Documents/scala/bin
PATH: /Library/Ruby/Gems/1.8/gems/hotcocoa-0.5.1/bin
PATH: /Library/Ruby/Gems/1.8/gems/rhodes-3.0.2/bin
PATH: /opt/local/bin
PATH: /Users/lwy08/.rvm/bin
PATH: /Users/lwy08/mingw-w32-bin_i686-darwin/bin
PATH: /usr/local/bin
PATH: /Users/lwy08/neo4j/bin
PATH: /Users/lwy08/gsutil
PATH: /usr/share/ant/bin
PATH: /Users/lwy08/Documents/AndroidSDK/tools
PATH: /Users/lwy08/Documents/AndroidSDK/platform-tools
PATH: /Users/lwy08/Documents/GoogleGo/bin
PATH: /Users/lwy08/bin
PATH: /usr/local/Trolltech/Qt-4.8.0/bin
PATH: /System/Library/Frameworks/Python.framework/Versions/2.7/bin
PATH: /opt/local/bin
PATH: /opt/local/sbin
PATH: /Users/lwy08/akka/bin
PATH: /usr/bin
PATH: /bin
PATH: /usr/sbin
PATH: /sbin
PATH: /usr/local/bin
PATH: /usr/X11/bin
PATH: /usr/local/MacGPG2/bin


## ----------- ##
## Core tests. ##
## ----------- ##

configure:1361: checking for gcc
configure:1377: found /usr/bin/gcc
configure:1387: result: gcc
configure:1631: checking for C compiler version
configure:1634: gcc --version </dev/null >&5
i686-apple-darwin11-llvm-gcc-4.2 (GCC) 4.2.1 (Based on Apple Inc. build 5658) (LLVM build 2335.15.00)
Copyright (C) 2007 Free Software Foundation, Inc.
This is free software; see the source for copying conditions.  There is NO
warranty; not even for MERCHANTABILITY or FITNESS FOR A PARTICULAR PURPOSE.

configure:1637: $? = 0
configure:1639: gcc -v </dev/null >&5
Using built-in specs.
Target: i686-apple-darwin11
Configured with: /private/var/tmp/llvmgcc42/llvmgcc42-2335.15~25/src/configure --disable-checking --enable-werror --prefix=/Developer/usr/llvm-gcc-4.2 --mandir=/share/man --enable-languages=c,objc,c++,obj-c++ --program-prefix=llvm- --program-transform-name=/^[cg][^.-]*$/s/$/-4.2/ --with-slibdir=/usr/lib --build=i686-apple-darwin11 --enable-llvm=/private/var/tmp/llvmgcc42/llvmgcc42-2335.15~25/dst-llvmCore/Developer/usr/local --program-prefix=i686-apple-darwin11- --host=x86_64-apple-darwin11 --target=i686-apple-darwin11 --with-gxx-include-dir=/usr/include/c++/4.2.1
Thread model: posix
gcc version 4.2.1 (Based on Apple Inc. build 5658) (LLVM build 2335.15.00)
configure:1642: $? = 0
configure:1644: gcc -V </dev/null >&5
llvm-gcc-4.2: argument to `-V' is missing
configure:1647: $? = 1
configure:1670: checking for C compiler default output file name
configure:1673: gcc -m32   conftest.c  >&5
configure:1676: $? = 0
configure:1722: result: a.out
configure:1727: checking whether the C compiler works
configure:1733: ./a.out
configure:1736: $? = 0
configure:1753: result: yes
configure:1760: checking whether we are cross compiling
configure:1762: result: no
configure:1765: checking for suffix of executables
configure:1767: gcc -o conftest -m32   conftest.c  >&5
configure:1770: $? = 0
configure:1795: result: 
configure:1801: checking for suffix of object files
configure:1822: gcc -c -m32  conftest.c >&5
configure:1825: $? = 0
configure:1847: result: o
configure:1851: checking whether we are using the GNU C compiler
configure:1875: gcc -c -m32  conftest.c >&5
configure:1881: $? = 0
configure:1885: test -z 
			 || test ! -s conftest.err
configure:1888: $? = 0
configure:1891: test -s conftest.o
configure:1894: $? = 0
configure:1907: result: yes
configure:1913: checking whether gcc accepts -g
configure:1934: gcc -c -g  conftest.c >&5
configure:1940: $? = 0
configure:1944: test -z 
			 || test ! -s conftest.err
configure:1947: $? = 0
configure:1950: test -s conftest.o
configure:1953: $? = 0
configure:1964: result: yes
configure:1981: checking for gcc option to accept ANSI C
configure:2051: gcc  -c -m32  conftest.c >&5
configure:2057: $? = 0
configure:2061: test -z 
			 || test ! -s conftest.err
configure:2064: $? = 0
configure:2067: test -s conftest.o
configure:2070: $? = 0
configure:2088: result: none needed
configure:2106: gcc -c -m32  conftest.c >&5
conftest.c:2: error: expected '=', ',', ';', 'asm' or '__attribute__' before 'me'
configure:2112: $? = 1
configure: failed program was:
| #ifndef __cplusplus
|   choke me
| #endif
configure:2286: checking for ranlib
configure:2302: found /usr/bin/ranlib
configure:2313: result: ranlib
configure:2333: checking how to run the C preprocessor
configure:2368: gcc -E  conftest.c
configure:2374: $? = 0
configure:2406: gcc -E  conftest.c
conftest.c:9:28: error: ac_nonexistent.h: No such file or directory
configure:2412: $? = 1
configure: failed program was:
| /* confdefs.h.  */
| 
| #define PACKAGE_NAME ""
| #define PACKAGE_TARNAME ""
| #define PACKAGE_VERSION ""
| #define PACKAGE_STRING ""
| #define PACKAGE_BUGREPORT ""
| /* end confdefs.h.  */
| #include <ac_nonexistent.h>
configure:2451: result: gcc -E
configure:2475: gcc -E  conftest.c
configure:2481: $? = 0
configure:2513: gcc -E  conftest.c
conftest.c:9:28: error: ac_nonexistent.h: No such file or directory
configure:2519: $? = 1
configure: failed program was:
| /* confdefs.h.  */
| 
| #define PACKAGE_NAME ""
| #define PACKAGE_TARNAME ""
| #define PACKAGE_VERSION ""
| #define PACKAGE_STRING ""
| #define PACKAGE_BUGREPORT ""
| /* end confdefs.h.  */
| #include <ac_nonexistent.h>
configure:2563: checking for egrep
configure:2573: result: grep -E
configure:2578: checking for ANSI C header files
configure:2603: gcc -c -m32  conftest.c >&5
configure:2609: $? = 0
configure:2613: test -z 
			 || test ! -s conftest.err
configure:2616: $? = 0
configure:2619: test -s conftest.o
configure:2622: $? = 0
configure:2711: gcc -o conftest -m32   conftest.c  >&5
conftest.c: In function 'main':
conftest.c:26: warning: incompatible implicit declaration of built-in function 'exit'
configure:2714: $? = 0
configure:2716: ./conftest
configure:2719: $? = 0
configure:2734: result: yes
configure:2758: checking for sys/types.h
configure:2774: gcc -c -m32  conftest.c >&5
configure:2780: $? = 0
configure:2784: test -z 
			 || test ! -s conftest.err
configure:2787: $? = 0
configure:2790: test -s conftest.o
configure:2793: $? = 0
configure:2804: result: yes
configure:2758: checking for sys/stat.h
configure:2774: gcc -c -m32  conftest.c >&5
configure:2780: $? = 0
configure:2784: test -z 
			 || test ! -s conftest.err
configure:2787: $? = 0
configure:2790: test -s conftest.o
configure:2793: $? = 0
configure:2804: result: yes
configure:2758: checking for stdlib.h
configure:2774: gcc -c -m32  conftest.c >&5
configure:2780: $? = 0
configure:2784: test -z 
			 || test ! -s conftest.err
configure:2787: $? = 0
configure:2790: test -s conftest.o
configure:2793: $? = 0
configure:2804: result: yes
configure:2758: checking for string.h
configure:2774: gcc -c -m32  conftest.c >&5
configure:2780: $? = 0
configure:2784: test -z 
			 || test ! -s conftest.err
configure:2787: $? = 0
configure:2790: test -s conftest.o
configure:2793: $? = 0
configure:2804: result: yes
configure:2758: checking for memory.h
configure:2774: gcc -c -m32  conftest.c >&5
configure:2780: $? = 0
configure:2784: test -z 
			 || test ! -s conftest.err
configure:2787: $? = 0
configure:2790: test -s conftest.o
configure:2793: $? = 0
configure:2804: result: yes
configure:2758: checking for strings.h
configure:2774: gcc -c -m32  conftest.c >&5
configure:2780: $? = 0
configure:2784: test -z 
			 || test ! -s conftest.err
configure:2787: $? = 0
configure:2790: test -s conftest.o
configure:2793: $? = 0
configure:2804: result: yes
configure:2758: checking for inttypes.h
configure:2774: gcc -c -m32  conftest.c >&5
configure:2780: $? = 0
configure:2784: test -z 
			 || test ! -s conftest.err
configure:2787: $? = 0
configure:2790: test -s conftest.o
configure:2793: $? = 0
configure:2804: result: yes
configure:2758: checking for stdint.h
configure:2774: gcc -c -m32  conftest.c >&5
configure:2780: $? = 0
configure:2784: test -z 
			 || test ! -s conftest.err
configure:2787: $? = 0
configure:2790: test -s conftest.o
configure:2793: $? = 0
configure:2804: result: yes
configure:2758: checking for unistd.h
configure:2774: gcc -c -m32  conftest.c >&5
configure:2780: $? = 0
configure:2784: test -z 
			 || test ! -s conftest.err
configure:2787: $? = 0
configure:2790: test -s conftest.o
configure:2793: $? = 0
configure:2804: result: yes
configure:2826: checking for stdlib.h
configure:2831: result: yes
configure:2826: checking for string.h
configure:2831: result: yes
configure:2826: checking for strings.h
configure:2831: result: yes
configure:2835: checking sys/time.h usability
configure:2847: gcc -c -m32  conftest.c >&5
configure:2853: $? = 0
configure:2857: test -z 
			 || test ! -s conftest.err
configure:2860: $? = 0
configure:2863: test -s conftest.o
configure:2866: $? = 0
configure:2876: result: yes
configure:2880: checking sys/time.h presence
configure:2890: gcc -E  conftest.c
configure:2896: $? = 0
configure:2916: result: yes
configure:2951: checking for sys/time.h
configure:2958: result: yes
configure:2826: checking for unistd.h
configure:2831: result: yes
configure:2835: checking sys/times.h usability
configure:2847: gcc -c -m32  conftest.c >&5
configure:2853: $? = 0
configure:2857: test -z 
			 || test ! -s conftest.err
configure:2860: $? = 0
configure:2863: test -s conftest.o
configure:2866: $? = 0
configure:2876: result: yes
configure:2880: checking sys/times.h presence
configure:2890: gcc -E  conftest.c
configure:2896: $? = 0
configure:2916: result: yes
configure:2951: checking for sys/times.h
configure:2958: result: yes
configure:2972: checking for int
configure:2996: gcc -c -m32  conftest.c >&5
configure:3002: $? = 0
configure:3006: test -z 
			 || test ! -s conftest.err
configure:3009: $? = 0
configure:3012: test -s conftest.o
configure:3015: $? = 0
configure:3026: result: yes
configure:3029: checking size of int
configure:3348: gcc -o conftest -m32   conftest.c  >&5
configure:3351: $? = 0
configure:3353: ./conftest
configure:3356: $? = 0
configure:3379: result: 4
configure:3386: checking for short
configure:3410: gcc -c -m32  conftest.c >&5
configure:3416: $? = 0
configure:3420: test -z 
			 || test ! -s conftest.err
configure:3423: $? = 0
configure:3426: test -s conftest.o
configure:3429: $? = 0
configure:3440: result: yes
configure:3443: checking size of short
configure:3762: gcc -o conftest -m32   conftest.c  >&5
configure:3765: $? = 0
configure:3767: ./conftest
configure:3770: $? = 0
configure:3793: result: 2
configure:3800: checking for long
configure:3824: gcc -c -m32  conftest.c >&5
configure:3830: $? = 0
configure:3834: test -z 
			 || test ! -s conftest.err
configure:3837: $? = 0
configure:3840: test -s conftest.o
configure:3843: $? = 0
configure:3854: result: yes
configure:3857: checking size of long
configure:4176: gcc -o conftest -m32   conftest.c  >&5
configure:4179: $? = 0
configure:4181: ./conftest
configure:4184: $? = 0
configure:4207: result: 4
configure:4214: checking for an ANSI C-conforming const
configure:4281: gcc -c -m32  conftest.c >&5
configure:4287: $? = 0
configure:4291: test -z 
			 || test ! -s conftest.err
configure:4294: $? = 0
configure:4297: test -s conftest.o
configure:4300: $? = 0
configure:4311: result: yes
configure:4321: checking whether time.h and sys/time.h may both be included
configure:4346: gcc -c -m32  conftest.c >&5
configure:4352: $? = 0
configure:4356: test -z 
			 || test ! -s conftest.err
configure:4359: $? = 0
configure:4362: test -s conftest.o
configure:4365: $? = 0
configure:4376: result: yes
configure:4389: checking for working alloca.h
configure:4410: gcc -o conftest -m32   conftest.c  >&5
configure:4416: $? = 0
configure:4420: test -z 
			 || test ! -s conftest.err
configure:4423: $? = 0
configure:4426: test -s conftest
configure:4429: $? = 0
configure:4441: result: yes
configure:4451: checking for alloca
configure:4492: gcc -o conftest -m32   conftest.c  >&5
configure:4498: $? = 0
configure:4502: test -z 
			 || test ! -s conftest.err
configure:4505: $? = 0
configure:4508: test -s conftest
configure:4511: $? = 0
configure:4523: result: yes
configure:4746: checking for working memcmp
configure:4794: gcc -o conftest -m32   conftest.c  >&5
configure:4797: $? = 0
configure:4799: ./conftest
configure:4802: $? = 0
configure:4816: result: yes
configure:4828: checking for prototypes
configure:4849: gcc -c -m32  conftest.c >&5
configure:4855: $? = 0
configure:4859: test -z 
			 || test ! -s conftest.err
configure:4862: $? = 0
configure:4865: test -s conftest.o
configure:4868: $? = 0
configure:4879: result: yes
configure:4888: checking for variable length prototypes and stdarg.h
configure:4919: gcc -c -m32  conftest.c >&5
configure:4925: $? = 0
configure:4929: test -z 
			 || test ! -s conftest.err
configure:4932: $? = 0
configure:4935: test -s conftest.o
configure:4938: $? = 0
configure:4949: result: yes
configure:5056: creating ./config.status

## ---------------------- ##
## Running config.status. ##
## ---------------------- ##

This file was extended by config.status, which was
generated by GNU Autoconf 2.59.  Invocation command line was

  CONFIG_FILES    = 
  CONFIG_HEADERS  = 
  CONFIG_LINKS    = 
  CONFIG_COMMANDS = 
  $ ./config.status 

on missscatterbrain.local

config.status:646: creating Makefile
config.status:749: creating config.h
config.status:879: config.h is unchanged

## ---------------- ##
## Cache variables. ##
## ---------------- ##

ac_cv_c_compiler_gnu=yes
ac_cv_c_const=yes
ac_cv_env_CC_set=
ac_cv_env_CC_value=
ac_cv_env_CFLAGS_set=set
ac_cv_env_CFLAGS_value=-m32
ac_cv_env_CPPFLAGS_set=
ac_cv_env_CPPFLAGS_value=
ac_cv_env_CPP_set=
ac_cv_env_CPP_value=
ac_cv_env_LDFLAGS_set=
ac_cv_env_LDFLAGS_value=
ac_cv_env_build_alias_set=
ac_cv_env_build_alias_value=
ac_cv_env_host_alias_set=
ac_cv_env_host_alias_value=
ac_cv_env_target_alias_set=
ac_cv_env_target_alias_value=
ac_cv_exeext=
ac_cv_func_alloca_works=yes
ac_cv_func_memcmp_working=yes
ac_cv_header_inttypes_h=yes
ac_cv_header_memory_h=yes
ac_cv_header_stdc=yes
ac_cv_header_stdint_h=yes
ac_cv_header_stdlib_h=yes
ac_cv_header_string_h=yes
ac_cv_header_strings_h=yes
ac_cv_header_sys_stat_h=yes
ac_cv_header_sys_time_h=yes
ac_cv_header_sys_times_h=yes
ac_cv_header_sys_types_h=yes
ac_cv_header_time=yes
ac_cv_header_unistd_h=yes
ac_cv_objext=o
ac_cv_prog_CPP='gcc -E'
ac_cv_prog_ac_ct_CC=gcc
ac_cv_prog_ac_ct_RANLIB=ranlib
ac_cv_prog_cc_g=yes
ac_cv_prog_cc_stdc=
ac_cv_prog_egrep='grep -E'
ac_cv_sizeof_int=4
ac_cv_sizeof_long=4
ac_cv_sizeof_short=2
ac_cv_type_int=yes
ac_cv_type_long=yes
ac_cv_type_short=yes
ac_cv_working_alloca_h=yes

## ----------------- ##
## Output variables. ##
## ----------------- ##

ALLOCA=''
CC='gcc'
CFLAGS='-m32'
CPP='gcc -E'
CPPFLAGS=''
DEFS='-DHAVE_CONFIG_H'
ECHO_C='ECHO_N=''
ECHO_T=''
EGREP='grep -E'
EXEEXT=''
LDFLAGS=''
LIBOBJS=''
LIBS=''
LTLIBOBJS=''
OBJEXT='o'
PACKAGE_BUGREPORT=''
PACKAGE_NAME=''
PACKAGE_STRING=''
PACKAGE_TARNAME=''
PACKAGE_VERSION=''
PATH_SEPARATOR=':'
RANLIB='ranlib'
RUBYDIR='/Library/Ruby/Gems/1.8/gems'
SHELL='/bin/sh'
STATISTICS=''
ac_ct_CC='gcc'
ac_ct_RANLIB='ranlib'
bindir='${exec_prefix}/bin'
build_alias=''
datadir='${prefix}/share'
exec_prefix='${prefix}'
host_alias=''
includedir='${prefix}/include'
infodir='${prefix}/info'
libdir='${exec_prefix}/lib'
libexecdir='${exec_prefix}/libexec'
localstatedir='${prefix}/var'
mandir='${prefix}/man'
oldincludedir='/usr/include'
prefix='/usr/local'
program_transform_name='s,x,x,'
sbindir='${exec_prefix}/sbin'
sharedstatedir='${prefix}/com'
sysconfdir='${prefix}/etc'
target_alias=''

## ----------- ##
## confdefs.h. ##
## ----------- ##

#define HAVE_ALLOCA 1
#define HAVE_ALLOCA_H 1
#define HAVE_INTTYPES_H 1
#define HAVE_MEMORY_H 1
#define HAVE_PROTOTYPES 1
#define HAVE_STDARG_PROTOTYPES 1
#define HAVE_STDINT_H 1
#define HAVE_STDLIB_H 1
#define HAVE_STDLIB_H 1
#define HAVE_STRINGS_H 1
#define HAVE_STRINGS_H 1
#define HAVE_STRING_H 1
#define HAVE_STRING_H 1
#define HAVE_SYS_STAT_H 1
#define HAVE_SYS_TIMES_H 1
#define HAVE_SYS_TIME_H 1
#define HAVE_SYS_TYPES_H 1
#define HAVE_UNISTD_H 1
#define HAVE_UNISTD_H 1
#define PACKAGE_BUGREPORT ""
#define PACKAGE_NAME ""
#define PACKAGE_STRING ""
#define PACKAGE_TARNAME ""
#define PACKAGE_VERSION ""
#define SIZEOF_INT 4
#define SIZEOF_LONG 4
#define SIZEOF_SHORT 2
#define STDC_HEADERS 1
#define TIME_WITH_SYS_TIME 1

configure: exit 0
